Using pre-set license
Built from '2021.1/release' branch; Version is '2021.1.16f1 (5fa502fca597) revision 6268162'; Using compiler version '192528614'; Build Type 'Release'
OS: 'Windows 10 Home Single Language; OS build 19042.1288; Version 2009; 64bit' Language: 'en' Physical Memory: 16177 MB
BatchMode: 1, IsHumanControllingUs: 0, StartBugReporterOnCrash: 0, Is64bit: 1, IsPro: 0

 COMMAND LINE ARGUMENTS:
C:\Program Files\Unity\Hub\Editor\2021.1.16f1\Editor\Unity.exe
-adb2
-batchMode
-noUpm
-name
AssetImportWorker0
-projectPath
C:/Users/lucas/Documents/GitHub/Snake_human_vs_DL-DR/Snake 2D IAs
-logFile
Logs/AssetImportWorker0.log
-srvPort
57495
Successfully changed project path to: C:/Users/lucas/Documents/GitHub/Snake_human_vs_DL-DR/Snake 2D IAs
C:/Users/lucas/Documents/GitHub/Snake_human_vs_DL-DR/Snake 2D IAs
Using Asset Import Pipeline V2.
Refreshing native plugins compatible for Editor in 112.03 ms, found 5 plugins.
Preloading 0 native plugins for Editor in 0.00 ms.
Initialize engine version: 2021.1.16f1 (5fa502fca597)
[Subsystems] Discovering subsystems at path C:/Program Files/Unity/Hub/Editor/2021.1.16f1/Editor/Data/Resources/UnitySubsystems
[Subsystems] Discovering subsystems at path C:/Users/lucas/Documents/GitHub/Snake_human_vs_DL-DR/Snake 2D IAs/Assets
GfxDevice: creating device client; threaded=0; jobified=0
Direct3D:
    Version:  Direct3D 11.0 [level 11.1]
    Renderer: NVIDIA GeForce GTX 1050 Ti (ID=0x1c8c)
    Vendor:   NVIDIA
    VRAM:     4018 MB
    Driver:   27.21.14.6231
Initialize mono
Mono path[0] = 'C:/Program Files/Unity/Hub/Editor/2021.1.16f1/Editor/Data/Managed'
Mono path[1] = 'C:/Program Files/Unity/Hub/Editor/2021.1.16f1/Editor/Data/MonoBleedingEdge/lib/mono/unityjit'
Mono config path = 'C:/Program Files/Unity/Hub/Editor/2021.1.16f1/Editor/Data/MonoBleedingEdge/etc'
Using monoOptions --debugger-agent=transport=dt_socket,embedding=1,server=y,suspend=n,address=127.0.0.1:56936
Begin MonoManager ReloadAssembly
Registering precompiled unity dll's ...
Register platform support module: C:/Program Files/Unity/Hub/Editor/2021.1.16f1/Editor/Data/PlaybackEngines/WebGLSupport/UnityEditor.WebGL.Extensions.dll
Register platform support module: C:/Program Files/Unity/Hub/Editor/2021.1.16f1/Editor/Data/PlaybackEngines/WindowsStandaloneSupport/UnityEditor.WindowsStandalone.Extensions.dll
Registered in 0.002371 seconds.
Native extension for WindowsStandalone target not found
Native extension for WebGL target not found
Refreshing native plugins compatible for Editor in 103.09 ms, found 5 plugins.
Preloading 0 native plugins for Editor in 0.00 ms.
Mono: successfully reloaded assembly
- Completed reload, in  1.231 seconds
Domain Reload Profiling:
	ReloadAssembly (1231ms)
		BeginReloadAssembly (66ms)
			ExecutionOrderSort (0ms)
			DisableScriptedObjects (0ms)
			BackupInstance (0ms)
			ReleaseScriptingObjects (0ms)
			CreateAndSetChildDomain (1ms)
		EndReloadAssembly (477ms)
			LoadAssemblies (64ms)
			RebuildTransferFunctionScriptingTraits (0ms)
			SetupTypeCache (161ms)
			ReleaseScriptCaches (0ms)
			RebuildScriptCaches (33ms)
			SetupLoadedEditorAssemblies (235ms)
				LogAssemblyErrors (0ms)
				InitializePlatformSupportModulesInManaged (6ms)
				SetLoadedEditorAssemblies (0ms)
				RefreshPlugins (103ms)
				BeforeProcessingInitializeOnLoad (1ms)
				ProcessInitializeOnLoadAttributes (94ms)
				ProcessInitializeOnLoadMethodAttributes (29ms)
				AfterProcessingInitializeOnLoad (0ms)
				EditorAssembliesLoaded (0ms)
			ExecutionOrderSort2 (0ms)
			AwakeInstancesAfterBackupRestoration (0ms)
Platform modules already initialized, skipping
Registering precompiled user dll's ...
Registered in 0.012341 seconds.
Begin MonoManager ReloadAssembly
Symbol file LoadedFromMemory doesn't match image C:\Users\lucas\Documents\GitHub\Snake_human_vs_DL-DR\Snake 2D IAs\Library\PackageCache\com.unity.visualscripting@1.6.1\Editor\VisualScripting.Core\Dependencies\YamlDotNet\Unity.VisualScripting.YamlDotNet.dll
Symbol file LoadedFromMemory doesn't match image C:\Users\lucas\Documents\GitHub\Snake_human_vs_DL-DR\Snake 2D IAs\Library\PackageCache\com.unity.visualscripting@1.6.1\Editor\VisualScripting.Core\Dependencies\DotNetZip\Unity.VisualScripting.IonicZip.dll
Native extension for WindowsStandalone target not found
Native extension for WebGL target not found
Refreshing native plugins compatible for Editor in 103.29 ms, found 5 plugins.
Preloading 0 native plugins for Editor in 0.00 ms.
Mono: successfully reloaded assembly
- Completed reload, in  1.707 seconds
Domain Reload Profiling:
	ReloadAssembly (1707ms)
		BeginReloadAssembly (167ms)
			ExecutionOrderSort (0ms)
			DisableScriptedObjects (4ms)
			BackupInstance (0ms)
			ReleaseScriptingObjects (0ms)
			CreateAndSetChildDomain (21ms)
		EndReloadAssembly (1470ms)
			LoadAssemblies (120ms)
			RebuildTransferFunctionScriptingTraits (0ms)
			SetupTypeCache (403ms)
			ReleaseScriptCaches (1ms)
			RebuildScriptCaches (56ms)
			SetupLoadedEditorAssemblies (804ms)
				LogAssemblyErrors (0ms)
				InitializePlatformSupportModulesInManaged (5ms)
				SetLoadedEditorAssemblies (0ms)
				RefreshPlugins (103ms)
				BeforeProcessingInitializeOnLoad (98ms)
				ProcessInitializeOnLoadAttributes (574ms)
				ProcessInitializeOnLoadMethodAttributes (17ms)
				AfterProcessingInitializeOnLoad (7ms)
				EditorAssembliesLoaded (0ms)
			ExecutionOrderSort2 (0ms)
			AwakeInstancesAfterBackupRestoration (7ms)
Platform modules already initialized, skipping
========================================================================
Worker process is ready to serve import requests
Launched and connected shader compiler UnityShaderCompiler.exe after 0.07 seconds
Refreshing native plugins compatible for Editor in 0.90 ms, found 5 plugins.
Preloading 0 native plugins for Editor in 0.00 ms.
Unloading 4005 Unused Serialized files (Serialized files now loaded: 0)
System memory in use before: 243.7 MB.
System memory in use after: 243.8 MB.

Unloading 53 unused Assets to reduce memory usage. Loaded Objects now: 4460.
Total: 5.127300 ms (FindLiveObjects: 0.302400 ms CreateObjectMapping: 0.188900 ms MarkObjects: 4.507600 ms  DeleteObjects: 0.127000 ms)

AssetImportParameters requested are different than current active one (requested -> active):
  custom:framework-win-MediaFoundation: 216162199b28c13a410421893ffa2e32 -> 
  custom:video-decoder-ogg-theora: a1e56fd34408186e4bbccfd4996cb3dc -> 
  custom:container-muxer-webm: aa71ff27fc2769a1b78a27578f13a17b -> 
  custom:container-demuxer-webm: 4f35f7cbe854078d1ac9338744f61a02 -> 
  custom:container-demuxer-ogg: 62fdf1f143b41e24485cea50d1cbac27 -> 
  custom:video-encoder-webm-vp8: eb34c28f22e8b96e1ab97ce403110664 -> 
  custom:video-codec-MediaFoundation-h265: 746d11721c4dcdbdad8f713fa42b33f4 -> 
  custom:video-decoder-webm-vp8: 9c59270c3fd7afecdb556c50c9e8de78 -> 
  custom:audio-decoder-ogg-vorbis: bf7c407c2cedff20999df2af8eb42d56 -> 
  custom:audio-encoder-webm-vorbis: bf7c407c2cedff20999df2af8eb42d56 -> 
========================================================================
Received Import Request.
  path: Packages/com.unity.barracuda/package.json
  artifactKey: Guid(73ae2d877fd444b04b5b6ef591d3fa0e) Importer(815301076,1909f56bfc062723c751e8b465ee728b)
Start importing Packages/com.unity.barracuda/package.json using Guid(73ae2d877fd444b04b5b6ef591d3fa0e) Importer(815301076,1909f56bfc062723c751e8b465ee728b)  -> (artifact id: 'b66c5bbd9d02c259c16d039fb4b5fd05') in 0.049955 seconds 
========================================================================
Received Import Request.
  Time since last request: 60.225894 seconds.
  path: Packages/com.unity.ide.visualstudio
  artifactKey: Guid(9db636ca49aa246019dd93b7c8b689f4) Importer(815301076,1909f56bfc062723c751e8b465ee728b)
Start importing Packages/com.unity.ide.visualstudio using Guid(9db636ca49aa246019dd93b7c8b689f4) Importer(815301076,1909f56bfc062723c751e8b465ee728b)  -> (artifact id: '97ec95a5506f2bdeeee79941468489e5') in 0.007402 seconds 
========================================================================
Received Prepare
Registering precompiled user dll's ...
Registered in 0.012355 seconds.
Begin MonoManager ReloadAssembly
Symbol file LoadedFromMemory doesn't match image C:\Users\lucas\Documents\GitHub\Snake_human_vs_DL-DR\Snake 2D IAs\Library\PackageCache\com.unity.visualscripting@1.6.1\Editor\VisualScripting.Core\Dependencies\YamlDotNet\Unity.VisualScripting.YamlDotNet.dll
Symbol file LoadedFromMemory doesn't match image C:\Users\lucas\Documents\GitHub\Snake_human_vs_DL-DR\Snake 2D IAs\Library\PackageCache\com.unity.visualscripting@1.6.1\Editor\VisualScripting.Core\Dependencies\DotNetZip\Unity.VisualScripting.IonicZip.dll
Native extension for WindowsStandalone target not found
Native extension for WebGL target not found
Refreshing native plugins compatible for Editor in 0.87 ms, found 6 plugins.
Preloading 0 native plugins for Editor in 0.00 ms.
Mono: successfully reloaded assembly
- Completed reload, in  1.443 seconds
Domain Reload Profiling:
	ReloadAssembly (1443ms)
		BeginReloadAssembly (153ms)
			ExecutionOrderSort (0ms)
			DisableScriptedObjects (6ms)
			BackupInstance (0ms)
			ReleaseScriptingObjects (0ms)
			CreateAndSetChildDomain (47ms)
		EndReloadAssembly (1228ms)
			LoadAssemblies (120ms)
			RebuildTransferFunctionScriptingTraits (0ms)
			SetupTypeCache (407ms)
			ReleaseScriptCaches (1ms)
			RebuildScriptCaches (47ms)
			SetupLoadedEditorAssemblies (544ms)
				LogAssemblyErrors (0ms)
				InitializePlatformSupportModulesInManaged (6ms)
				SetLoadedEditorAssemblies (0ms)
				RefreshPlugins (1ms)
				BeforeProcessingInitializeOnLoad (75ms)
				ProcessInitializeOnLoadAttributes (445ms)
				ProcessInitializeOnLoadMethodAttributes (10ms)
				AfterProcessingInitializeOnLoad (7ms)
				EditorAssembliesLoaded (0ms)
			ExecutionOrderSort2 (0ms)
			AwakeInstancesAfterBackupRestoration (13ms)
Platform modules already initialized, skipping
Refreshing native plugins compatible for Editor in 0.89 ms, found 6 plugins.
Preloading 0 native plugins for Editor in 0.00 ms.
Unloading 4006 Unused Serialized files (Serialized files now loaded: 0)
System memory in use before: 244.0 MB.
System memory in use after: 244.1 MB.

Unloading 48 unused Assets to reduce memory usage. Loaded Objects now: 4464.
Total: 4.278900 ms (FindLiveObjects: 0.271800 ms CreateObjectMapping: 0.203500 ms MarkObjects: 3.692500 ms  DeleteObjects: 0.110200 ms)

AssetImportParameters requested are different than current active one (requested -> active):
  custom:framework-win-MediaFoundation: 216162199b28c13a410421893ffa2e32 -> 
  custom:video-decoder-ogg-theora: a1e56fd34408186e4bbccfd4996cb3dc -> 
  custom:container-muxer-webm: aa71ff27fc2769a1b78a27578f13a17b -> 
  custom:container-demuxer-webm: 4f35f7cbe854078d1ac9338744f61a02 -> 
  custom:container-demuxer-ogg: 62fdf1f143b41e24485cea50d1cbac27 -> 
  custom:video-encoder-webm-vp8: eb34c28f22e8b96e1ab97ce403110664 -> 
  custom:video-codec-MediaFoundation-h265: 746d11721c4dcdbdad8f713fa42b33f4 -> 
  custom:video-decoder-webm-vp8: 9c59270c3fd7afecdb556c50c9e8de78 -> 
  custom:audio-decoder-ogg-vorbis: bf7c407c2cedff20999df2af8eb42d56 -> 
  custom:audio-encoder-webm-vorbis: bf7c407c2cedff20999df2af8eb42d56 -> 
========================================================================
Received Import Request.
  Time since last request: 155.902133 seconds.
  path: Assets/tensorflowsharp.1.15.1/TensorFlowSharp.nuspec
  artifactKey: Guid(f02b91a066b79304e8046847139c6bcf) Importer(815301076,1909f56bfc062723c751e8b465ee728b)
Start importing Assets/tensorflowsharp.1.15.1/TensorFlowSharp.nuspec using Guid(f02b91a066b79304e8046847139c6bcf) Importer(815301076,1909f56bfc062723c751e8b465ee728b)  -> (artifact id: '294fb5bc24594e5036fdddc164e981fb') in 0.028408 seconds 
========================================================================
Received Import Request.
  Time since last request: 3.663509 seconds.
  path: Assets/tensorflowsharp.1.15.1/lib
  artifactKey: Guid(270d8ff5650997d48b80b5a50af0d680) Importer(815301076,1909f56bfc062723c751e8b465ee728b)
Start importing Assets/tensorflowsharp.1.15.1/lib using Guid(270d8ff5650997d48b80b5a50af0d680) Importer(815301076,1909f56bfc062723c751e8b465ee728b)  -> (artifact id: '5c728670872abe18316d12788fbd2e0e') in 0.009062 seconds 
========================================================================
Received Import Request.
  Time since last request: 1.232691 seconds.
  path: Assets/tensorflowsharp.1.15.1/lib/netstandard2.0
  artifactKey: Guid(a3337a32af495c6459bbfdc67a173214) Importer(815301076,1909f56bfc062723c751e8b465ee728b)
Start importing Assets/tensorflowsharp.1.15.1/lib/netstandard2.0 using Guid(a3337a32af495c6459bbfdc67a173214) Importer(815301076,1909f56bfc062723c751e8b465ee728b)  -> (artifact id: '758f037aad24698ee2f5e08166ed86f6') in 0.008424 seconds 
========================================================================
Received Import Request.
  Time since last request: 1.267252 seconds.
  path: Assets/tensorflowsharp.1.15.1/lib/netstandard2.0/TensorFlowSharp.xml
  artifactKey: Guid(9859198bd114f124e9e8f9a5419646b3) Importer(815301076,1909f56bfc062723c751e8b465ee728b)
Start importing Assets/tensorflowsharp.1.15.1/lib/netstandard2.0/TensorFlowSharp.xml using Guid(9859198bd114f124e9e8f9a5419646b3) Importer(815301076,1909f56bfc062723c751e8b465ee728b)  -> (artifact id: 'bb4ba8a93a97039d07a7eb23745ac471') in 0.011704 seconds 
========================================================================
Received Import Request.
  Time since last request: 3.754160 seconds.
  path: Assets/tensorflowsharp.1.15.1/lib/netstandard2.0/TensorFlowSharp.dll
  artifactKey: Guid(bd420c849c9f8fd46bc6dbda11147500) Importer(815301076,1909f56bfc062723c751e8b465ee728b)
Start importing Assets/tensorflowsharp.1.15.1/lib/netstandard2.0/TensorFlowSharp.dll using Guid(bd420c849c9f8fd46bc6dbda11147500) Importer(815301076,1909f56bfc062723c751e8b465ee728b)  -> (artifact id: 'e6e8ea26f39b15324518f3ad5c77cb54') in 0.007109 seconds 
========================================================================
Received Import Request.
  Time since last request: 4.337079 seconds.
  path: Assets/tensorflowsharp.1.15.1/build
  artifactKey: Guid(ae24f39141a9d6947834a4c8380d3ce8) Importer(815301076,1909f56bfc062723c751e8b465ee728b)
Start importing Assets/tensorflowsharp.1.15.1/build using Guid(ae24f39141a9d6947834a4c8380d3ce8) Importer(815301076,1909f56bfc062723c751e8b465ee728b)  -> (artifact id: '3c8767be08418422b22bbf932a4bcad1') in 0.009251 seconds 
========================================================================
Received Import Request.
  Time since last request: 1.010187 seconds.
  path: Assets/tensorflowsharp.1.15.1/build/net45
  artifactKey: Guid(431788fc90192d0428e7ccb5bf5dfe38) Importer(815301076,1909f56bfc062723c751e8b465ee728b)
Start importing Assets/tensorflowsharp.1.15.1/build/net45 using Guid(431788fc90192d0428e7ccb5bf5dfe38) Importer(815301076,1909f56bfc062723c751e8b465ee728b)  -> (artifact id: '80ec69f5460558885e0f7a01ab556f48') in 0.008800 seconds 
========================================================================
Received Import Request.
  Time since last request: 1.081710 seconds.
  path: Assets/tensorflowsharp.1.15.1/build/net45/TensorFlowSharp.targets
  artifactKey: Guid(6b30e82c94dc2574c954f5fec70ca565) Importer(815301076,1909f56bfc062723c751e8b465ee728b)
Start importing Assets/tensorflowsharp.1.15.1/build/net45/TensorFlowSharp.targets using Guid(6b30e82c94dc2574c954f5fec70ca565) Importer(815301076,1909f56bfc062723c751e8b465ee728b)  -> (artifact id: '827e3be8b1dfe33e5e80658c1d4a2b04') in 0.005442 seconds 
========================================================================
Received Import Request.
  Time since last request: 4.802359 seconds.
  path: Assets/tensorflowsharp.1.15.1/package
  artifactKey: Guid(d98cae9c6e0378148be1a2f0c28daaf1) Importer(815301076,1909f56bfc062723c751e8b465ee728b)
Start importing Assets/tensorflowsharp.1.15.1/package using Guid(d98cae9c6e0378148be1a2f0c28daaf1) Importer(815301076,1909f56bfc062723c751e8b465ee728b)  -> (artifact id: '91d32950571597e7d3abb89f31119d75') in 0.002779 seconds 
========================================================================
Received Import Request.
  Time since last request: 1.224747 seconds.
  path: Assets/tensorflowsharp.1.15.1/package/services
  artifactKey: Guid(ee4ea04f154120b429480517989282e8) Importer(815301076,1909f56bfc062723c751e8b465ee728b)
Start importing Assets/tensorflowsharp.1.15.1/package/services using Guid(ee4ea04f154120b429480517989282e8) Importer(815301076,1909f56bfc062723c751e8b465ee728b)  -> (artifact id: '3c259269fe38445c946c7be0e368ebe7') in 0.010477 seconds 
========================================================================
Received Import Request.
  Time since last request: 0.602112 seconds.
  path: Assets/tensorflowsharp.1.15.1/package/services/metadata
  artifactKey: Guid(74c1905557bda8a48b41cce4f487d541) Importer(815301076,1909f56bfc062723c751e8b465ee728b)
Start importing Assets/tensorflowsharp.1.15.1/package/services/metadata using Guid(74c1905557bda8a48b41cce4f487d541) Importer(815301076,1909f56bfc062723c751e8b465ee728b)  -> (artifact id: 'c59d78c2b5b81bf1d6821b8a16526caf') in 0.007677 seconds 
========================================================================
Received Import Request.
  Time since last request: 0.617189 seconds.
  path: Assets/tensorflowsharp.1.15.1/package/services/metadata/core-properties
  artifactKey: Guid(22ce772fc1f3e8749a6fb0b3a5453069) Importer(815301076,1909f56bfc062723c751e8b465ee728b)
Start importing Assets/tensorflowsharp.1.15.1/package/services/metadata/core-properties using Guid(22ce772fc1f3e8749a6fb0b3a5453069) Importer(815301076,1909f56bfc062723c751e8b465ee728b)  -> (artifact id: '9f6d7cac719c1df25d8daed68057aac5') in 0.007920 seconds 
========================================================================
Received Import Request.
  Time since last request: 4.778953 seconds.
  path: Assets/tensorflowsharp.1.15.1/runtimes
  artifactKey: Guid(8499708178a4bc6438bd2d5d6ca6e709) Importer(815301076,1909f56bfc062723c751e8b465ee728b)
Start importing Assets/tensorflowsharp.1.15.1/runtimes using Guid(8499708178a4bc6438bd2d5d6ca6e709) Importer(815301076,1909f56bfc062723c751e8b465ee728b)  -> (artifact id: 'f70f9bc2b5e00f17567042c1e5c45914') in 0.007192 seconds 
========================================================================
Received Import Request.
  Time since last request: 1.224977 seconds.
  path: Assets/tensorflowsharp.1.15.1/runtimes/win7-x64
  artifactKey: Guid(0592cdb98fdc8a240b4c81188c750390) Importer(815301076,1909f56bfc062723c751e8b465ee728b)
Start importing Assets/tensorflowsharp.1.15.1/runtimes/win7-x64 using Guid(0592cdb98fdc8a240b4c81188c750390) Importer(815301076,1909f56bfc062723c751e8b465ee728b)  -> (artifact id: '741be7b47b692326354dea30507755ea') in 0.007764 seconds 
========================================================================
Received Import Request.
  Time since last request: 0.828607 seconds.
  path: Assets/tensorflowsharp.1.15.1/runtimes/win7-x64/native
  artifactKey: Guid(4f02c882e33c7d94fb6306888968c78c) Importer(815301076,1909f56bfc062723c751e8b465ee728b)
Start importing Assets/tensorflowsharp.1.15.1/runtimes/win7-x64/native using Guid(4f02c882e33c7d94fb6306888968c78c) Importer(815301076,1909f56bfc062723c751e8b465ee728b)  -> (artifact id: 'bd32178e2b1937ea830797fa98957be3') in 0.007256 seconds 
========================================================================
Received Import Request.
  Time since last request: 1.249356 seconds.
  path: Assets/tensorflowsharp.1.15.1/runtimes/win7-x64/native/libtensorflow.dll
  artifactKey: Guid(a50161798aa4d8c4fa10c8fcf81eae92) Importer(815301076,1909f56bfc062723c751e8b465ee728b)
Start importing Assets/tensorflowsharp.1.15.1/runtimes/win7-x64/native/libtensorflow.dll using Guid(a50161798aa4d8c4fa10c8fcf81eae92) Importer(815301076,1909f56bfc062723c751e8b465ee728b)  -> (artifact id: '445171f78ff6223eb212fde053128da1') in 0.006723 seconds 
